Testsuite: org.apache.hadoop.fs.TestLocalDirAllocator
Tests run: 5, Failures: 0, Errors: 0, Time elapsed: 0.353 sec
------------- Standard Output ---------------
2011-08-09 18:19:48,728 WARN  conf.Configuration (Configuration.java:<clinit>(191)) - DEPRECATED: hadoop-site.xml found in the classpath. Usage of hadoop-site.xml is deprecated. Instead use core-site.xml, mapred-site.xml and hdfs-site.xml to override properties of core-default.xml, mapred-default.xml and hdfs-default.xml respectively
2011-08-09 18:19:49,126 WARN  fs.LocalDirAllocator$AllocatorPerContext (LocalDirAllocator.java:confChanged(231)) - Failed to create build/test/temp/tmp0
2011-08-09 18:19:49,227 WARN  fs.LocalDirAllocator$AllocatorPerContext (LocalDirAllocator.java:confChanged(231)) - Failed to create build/test/temp/tmp1
2011-08-09 18:19:49,296 WARN  fs.LocalDirAllocator$AllocatorPerContext (LocalDirAllocator.java:createPath(256)) - org.apache.hadoop.util.DiskChecker$DiskErrorException: directory is not writable: build/test/temp/tmp4
	at org.apache.hadoop.util.DiskChecker.checkDir(DiskChecker.java:85)
	at org.apache.hadoop.fs.LocalDirAllocator$AllocatorPerContext.createPath(LocalDirAllocator.java:253)
	at org.apache.hadoop.fs.LocalDirAllocator$AllocatorPerContext.getLocalPathForWrite(LocalDirAllocator.java:331)
	at org.apache.hadoop.fs.LocalDirAllocator$AllocatorPerContext.createTmpFileForWrite(LocalDirAllocator.java:356)
	at org.apache.hadoop.fs.LocalDirAllocator.createTmpFileForWrite(LocalDirAllocator.java:155)
	at org.apache.hadoop.fs.TestLocalDirAllocator.createTempFile(TestLocalDirAllocator.java:85)
	at org.apache.hadoop.fs.TestLocalDirAllocator.validateTempDirCreation(TestLocalDirAllocator.java:73)
	at org.apache.hadoop.fs.TestLocalDirAllocator.test3(TestLocalDirAllocator.java:166)
	at sun.reflect.NativeMethodAccessorImpl.invoke0(Native Method)
	at sun.reflect.NativeMethodAccessorImpl.invoke(NativeMethodAccessorImpl.java:39)
	at sun.reflect.DelegatingMethodAccessorImpl.invoke(DelegatingMethodAccessorImpl.java:25)
	at java.lang.reflect.Method.invoke(Method.java:597)
	at junit.framework.TestCase.runTest(TestCase.java:168)
	at junit.framework.TestCase.runBare(TestCase.java:134)
	at junit.framework.TestResult$1.protect(TestResult.java:110)
	at junit.framework.TestResult.runProtected(TestResult.java:128)
	at junit.framework.TestResult.run(TestResult.java:113)
	at junit.framework.TestCase.run(TestCase.java:124)
	at junit.framework.TestSuite.runTest(TestSuite.java:232)
	at junit.framework.TestSuite.run(TestSuite.java:227)
	at org.junit.internal.runners.JUnit38ClassRunner.run(JUnit38ClassRunner.java:79)
	at junit.framework.JUnit4TestAdapter.run(JUnit4TestAdapter.java:39)
	at org.apache.tools.ant.taskdefs.optional.junit.JUnitTestRunner.run(JUnitTestRunner.java:421)
	at org.apache.tools.ant.taskdefs.optional.junit.JUnitTestRunner.launch(JUnitTestRunner.java:912)
	at org.apache.tools.ant.taskdefs.optional.junit.JUnitTestRunner.main(JUnitTestRunner.java:766)

2011-08-09 18:19:49,298 WARN  fs.LocalDirAllocator$AllocatorPerContext (LocalDirAllocator.java:createPath(256)) - org.apache.hadoop.util.DiskChecker$DiskErrorException: directory is not writable: build/test/temp/tmp4
	at org.apache.hadoop.util.DiskChecker.checkDir(DiskChecker.java:85)
	at org.apache.hadoop.fs.LocalDirAllocator$AllocatorPerContext.createPath(LocalDirAllocator.java:253)
	at org.apache.hadoop.fs.LocalDirAllocator$AllocatorPerContext.getLocalPathForWrite(LocalDirAllocator.java:331)
	at org.apache.hadoop.fs.LocalDirAllocator$AllocatorPerContext.createTmpFileForWrite(LocalDirAllocator.java:356)
	at org.apache.hadoop.fs.LocalDirAllocator.createTmpFileForWrite(LocalDirAllocator.java:155)
	at org.apache.hadoop.fs.TestLocalDirAllocator.createTempFile(TestLocalDirAllocator.java:85)
	at org.apache.hadoop.fs.TestLocalDirAllocator.validateTempDirCreation(TestLocalDirAllocator.java:73)
	at org.apache.hadoop.fs.TestLocalDirAllocator.test3(TestLocalDirAllocator.java:167)
	at sun.reflect.NativeMethodAccessorImpl.invoke0(Native Method)
	at sun.reflect.NativeMethodAccessorImpl.invoke(NativeMethodAccessorImpl.java:39)
	at sun.reflect.DelegatingMethodAccessorImpl.invoke(DelegatingMethodAccessorImpl.java:25)
	at java.lang.reflect.Method.invoke(Method.java:597)
	at junit.framework.TestCase.runTest(TestCase.java:168)
	at junit.framework.TestCase.runBare(TestCase.java:134)
	at junit.framework.TestResult$1.protect(TestResult.java:110)
	at junit.framework.TestResult.runProtected(TestResult.java:128)
	at junit.framework.TestResult.run(TestResult.java:113)
	at junit.framework.TestCase.run(TestCase.java:124)
	at junit.framework.TestSuite.runTest(TestSuite.java:232)
	at junit.framework.TestSuite.run(TestSuite.java:227)
	at org.junit.internal.runners.JUnit38ClassRunner.run(JUnit38ClassRunner.java:79)
	at junit.framework.JUnit4TestAdapter.run(JUnit4TestAdapter.java:39)
	at org.apache.tools.ant.taskdefs.optional.junit.JUnitTestRunner.run(JUnitTestRunner.java:421)
	at org.apache.tools.ant.taskdefs.optional.junit.JUnitTestRunner.launch(JUnitTestRunner.java:912)
	at org.apache.tools.ant.taskdefs.optional.junit.JUnitTestRunner.main(JUnitTestRunner.java:766)

------------- ---------------- ---------------

Testcase: test0 took 0.159 sec
Testcase: test1 took 0.058 sec
Testcase: test2 took 0.008 sec
Testcase: test3 took 0.043 sec
Testcase: test4 took 0.069 sec
